#
# There is insufficient memory for the Java Runtime Environment to continue.
# Native memory allocation (mmap) failed to map 266338304 bytes for G1 virtual space
# Possible reasons:
#   The system is out of physical RAM or swap space
#   The process is running with CompressedOops enabled, and the Java Heap may be blocking the growth of the native heap
# Possible solutions:
#   Reduce memory load on the system
#   Increase physical memory or swap space
#   Check if swap backing store is full
#   Decrease Java heap size (-Xmx/-Xms)
#   Decrease number of Java threads
#   Decrease Java thread stack sizes (-Xss)
#   Set larger code cache with -XX:ReservedCodeCacheSize=
#   JVM is running with Zero Based Compressed Oops mode in which the Java heap is
#     placed in the first 32GB address space. The Java Heap base address is the
#     maximum limit for the native heap growth. Please use -XX:HeapBaseMinAddress
#     to set the Java Heap base and to place the Java Heap above 32GB virtual address.
# This output file may be truncated or incomplete.
#
#  Out of Memory Error (os_windows.cpp:3825), pid=40556, tid=5584
#
# JRE version:  (17.0.10+8) (build )
# Java VM: OpenJDK 64-Bit Server VM (17.0.10+8-b1207.12, mixed mode, sharing, tiered, compressed oops, compressed class ptrs, g1 gc, windows-amd64)
# No core dump will be written. Minidumps are not enabled by default on client versions of Windows
#

---------------  S U M M A R Y ------------

Command Line: git4idea.http.GitAskPassApp Username for 'https://github.com': 

Host: Intel(R) Core(TM) i7-9750H CPU @ 2.60GHz, 12 cores, 15G,  Windows 10 , 64 bit Build 19041 (10.0.19041.5794)
Time: Fri Jun  6 20:19:05 2025 Paris, Madrid (heure duild 19041 (10.0.19041.5794) elapsed time: 0.025647 seconds (0d 0h 0m 0s)

---------------  T H R E A D  ---------------

Current thread (0x000001bedf4527f0):  JavaThread "Unknown thread" [_thread_in_vm, id=5584, stack(0x000000b937400000,0x000000b937500000)]

Stack: [0x000000b937400000,0x000000b937500000]
Native frames: (J=compiled Java code, j=interpreted, Vv=VM code, C=native code)
V  [jvm.dll+0x687989]
V  [jvm.dll+0x84116a]
V  [jvm.dll+0x842dae]
V  [jvm.dll+0x843413]
V  [jvm.dll+0x249ccf]
V  [jvm.dll+0x684759]
V  [jvm.dll+0x67900a]
V  [jvm.dll+0x30ab0b]
V  [jvm.dll+0x311fb6]
V  [jvm.dll+0x361d5e]
V  [jvm.dll+0x361f8f]
V  [jvm.dll+0x2e07f8]
V  [jvm.dll+0x2e1764]
V  [jvm.dll+0x811c31]
V  [jvm.dll+0x36fc11]
V  [jvm.dll+0x7f0666]
V  [jvm.dll+0x3f3daf]
V  [jvm.dll+0x3f5a41]
C  [jli.dll+0x528f]
C  [ucrtbase.dll+0x21bb2]
C  [KERNEL32.DLL+0x17374]
C  [ntdll.dll+0x4cc91]


---------------  P R O C E S S  ---------------

Threads class SMR info:
_java_thread_list=0x00007ffadf4edf58, length=0, elements={
}

Java Threads: ( => current thread )

Other Threads:
  0x000001bedf4bc3d0 GCTaskThread "GC Thread#0" [stack: 0x000000b937500000,0x000000b937600000] [id=36548]
  0x000001bedf4cd0e0 ConcurrentGCThread "G1 Main Marker" [stack: 0x000000b937600000,0x000000b937700000] [id=40424]
  0x000001bedf4ceb10 ConcurrentGCThread "G1 Conc#0" [stack: 0x000000b937700000,0x000000b937800000] [id=20716]

[error occurred during error reporting (printing all threads), id 0xc0000005, EXCEPTION_ACCESS_VIOLATION (0xc0000005) at pc=0x00007ffadeca13c7]

VM state: not at safepoint (not fully initialized)

VM Mutex/Monitor currently owned by a thread:  ([mutex/lock_event])
[0x000001bedf451710] Heap_lock - owner thread: 0x000001bedf4527f0

Heap address: 0x0000000702400000, size: 4060 MB, Compressed Oops mode: Zero based, Oop shift amount: 3

CDS archive(s) mapped at: [0x0000000000000000-0x0000000000000000-0x0000000000000000), size 0, SharedBaseAddress: 0x0000000800000000, ArchiveRelocationMode: 1.
Narrow klass base: 0x0000000000000000, Narrow klass shift: 0, Narrow klass range: 0x0

GC Precious Log:
<Empty>

Heap:
 garbage-first heap   total 0K, used 0K [0x0000000702400000, 0x0000000800000000)
  region size 2048K, 0 young (0K), 0 survivors (0K)
 Metaspace       used 0K, committed 0K, reserved 0K
  class space    used 0K, committed 0K, reserved 0K

Heap Regions: E=young(eden), S=young(survivor), O=old, HS=humongous(starts), HC=humongous(continues), CS=collection set, F=free, OA=open archive, CA=closed archive, TAMS=top-at-mark-start (previous, next)

Card table byte_map: [0x000001bef2910000,0x000001bef3100000] _byte_map_base: 0x000001beef0fe000

Marking Bits (Prev, Next): (CMBitMap*) 0x000001bedf4bc9f0, (CMBitMap*) 0x000001bedf4bca30
 Prev Bits: [0x000001bef38f0000, 0x000001bef7860000)
 Next Bits: [0x000001bef7860000, 0x000001befb7d0000)

GC Heap History (0 events):
No events

Dll operation events (1 events):
Event: 0.011 Loaded shared library D:\wamp64\Packages & Setup\PhpStorm 2024.1\jbr\bin\java.dll

Deoptimization events (0 events):
No events

Classes unloaded (0 events):
No events

Classes redefined (0 events):
No events

Internal exceptions (0 events):
No events

VM Operations (0 events):
No events

Events (0 events):
No events


Dynamic libraries:
0x00007ff676f90000 - 0x00007ff676f9a000 	D:\wamp64\Packages & Setup\PhpStorm 2024.1\jbr\bin\java.exe
0x00007ffb5c270000 - 0x00007ffb5c468000 	C:\WINDOWS\SYSTEM32\ntdll.dll
0x00007ffb5a8c0000 - 0x00007ffb5a982000 	C:\WINDOWS\System32\KERNEL32.DLL
0x00007ffb59bc0000 - 0x00007ffb59eb6000 	C:\WINDOWS\System32\KERNELBASE.dll
0x00007ffb59a20000 - 0x00007ffb59b20000 	C:\WINDOWS\System32\ucrtbase.dll
0x00007ffb3b710000 - 0x00007ffb3b727000 	D:\wamp64\Packages & Setup\PhpStorm 2024.1\jbr\bin\jli.dll
0x00007ffb3b730000 - 0x00007ffb3b74b000 	D:\wamp64\Packages & Setup\PhpStorm 2024.1\jbr\bin\VCRUNTIME140.dll
0x00007ffb5aa90000 - 0x00007ffb5ac2d000 	C:\WINDOWS\System32\USER32.dll
0x00007ffb59f70000 - 0x00007ffb59f92000 	C:\WINDOWS\System32\win32u.dll
0x00007ffb3d8b0000 - 0x00007ffb3db4a000 	C:\WINDOWS\WinSxS\amd64_microsoft.windows.common-controls_6595b64144ccf1df_6.0.19041.5794_none_60bcd33171f2783c\COMCTL32.dll
0x00007ffb5bce0000 - 0x00007ffb5bd0b000 	C:\WINDOWS\System32\GDI32.dll
0x00007ffb5b5c0000 - 0x00007ffb5b65e000 	C:\WINDOWS\System32\msvcrt.dll
0x00007ffb59fa0000 - 0x00007ffb5a0ba000 	C:\WINDOWS\System32\gdi32full.dll
0x00007ffb59b20000 - 0x00007ffb59bbd000 	C:\WINDOWS\System32\msvcp_win.dll
0x00007ffb5ad60000 - 0x00007ffb5ad8f000 	C:\WINDOWS\System32\IMM32.DLL
0x00007ffb54a30000 - 0x00007ffb54a3c000 	D:\wamp64\Packages & Setup\PhpStorm 2024.1\jbr\bin\vcruntime140_1.dll
0x00007ffb1f250000 - 0x00007ffb1f2dd000 	D:\wamp64\Packages & Setup\PhpStorm 2024.1\jbr\bin\msvcp140.dll
0x00007ffade9b0000 - 0x00007ffadf632000 	D:\wamp64\Packages & Setup\PhpStorm 2024.1\jbr\bin\server\jvm.dll
0x00007ffb5b660000 - 0x00007ffb5b70f000 	C:\WINDOWS\System32\ADVAPI32.dll
0x00007ffb5a9f0000 - 0x00007ffb5aa8f000 	C:\WINDOWS\System32\sechost.dll
0x00007ffb5ac30000 - 0x00007ffb5ad53000 	C:\WINDOWS\System32\RPCRT4.dll
0x00007ffb5a110000 - 0x00007ffb5a137000 	C:\WINDOWS\System32\bcrypt.dll
0x00007ffb59210000 - 0x00007ffb5925b000 	C:\WINDOWS\SYSTEM32\POWRPROF.dll
0x00007ffb477e0000 - 0x00007ffb477e9000 	C:\WINDOWS\SYSTEM32\WSOCK32.dll
0x00007ffb3de00000 - 0x00007ffb3de27000 	C:\WINDOWS\SYSTEM32\WINMM.dll
0x00007ffb53150000 - 0x00007ffb5315a000 	C:\WINDOWS\SYSTEM32\VERSION.dll
0x00007ffb5bb20000 - 0x00007ffb5bb8b000 	C:\WINDOWS\System32\WS2_32.dll
0x00007ffb591f0000 - 0x00007ffb59202000 	C:\WINDOWS\SYSTEM32\UMPDC.dll
0x00007ffb580f0000 - 0x00007ffb58102000 	C:\WINDOWS\SYSTEM32\kernel.appcore.dll
0x00007ffb536f0000 - 0x00007ffb536fa000 	D:\wamp64\Packages & Setup\PhpStorm 2024.1\jbr\bin\jimage.dll
0x00007ffb57640000 - 0x00007ffb57841000 	C:\WINDOWS\SYSTEM32\DBGHELP.DLL
0x00007ffb50210000 - 0x00007ffb50244000 	C:\WINDOWS\SYSTEM32\dbgcore.DLL
0x00007ffb59990000 - 0x00007ffb59a12000 	C:\WINDOWS\System32\bcryptPrimitives.dll
0x00007ffb3d2d0000 - 0x00007ffb3d2f5000 	D:\wamp64\Packages & Setup\PhpStorm 2024.1\jbr\bin\java.dll

dbghelp: loaded successfully - version: 4.0.5 - missing functions: none
symbol engine: initialized successfully - sym options: 0x614 - pdb path: .;D:\wamp64\Packages & Setup\PhpStorm 2024.1\jbr\bin;C:\WINDOWS\SYSTEM32;C:\WINDOWS\WinSxS\amd64_microsoft.windows.common-controls_6595b64144ccf1df_6.0.19041.5794_none_60bcd33171f2783c;D:\wamp64\Packages & Setup\PhpStorm 2024.1\jbr\bin\server

VM Arguments:
java_command: git4idea.http.GitAskPassApp Username for 'https://github.com': 
java_class_path (initial): D:/wamp64/Packages & Setup/PhpStorm 2024.1/plugins/vcs-git/lib/git4idea-rt.jar;D:/wamp64/Packages & Setup/PhpStorm 2024.1/lib/externalProcess-rt.jar
Launcher Type: SUN_STANDARD

[Global flags]
     intx CICompilerCount                          = 4                                         {product} {ergonomic}
     uint ConcGCThreads                            = 3                                         {product} {ergonomic}
     uint G1ConcRefinementThreads                  = 10                                        {product} {ergonomic}
   size_t G1HeapRegionSize                         = 2097152                                   {product} {ergonomic}
    uintx GCDrainStackTargetSize                   = 64                                        {product} {ergonomic}
   size_t InitialHeapSize                          = 266338304                                 {product} {ergonomic}
   size_t MarkStackSize                            = 4194304                                   {product} {ergonomic}
   size_t MaxHeapSize                              = 4257218560                                {product} {ergonomic}
   size_t MinHeapDeltaBytes                        = 2097152                                   {product} {ergonomic}
   size_t MinHeapSize                              = 8388608                                   {product} {ergonomic}
    uintx NonNMethodCodeHeapSize                   = 5839372                                {pd product} {ergonomic}
    uintx NonProfiledCodeHeapSize                  = 122909434                              {pd product} {ergonomic}
    uintx ProfiledCodeHeapSize                     = 122909434                              {pd product} {ergonomic}
    uintx ReservedCodeCacheSize                    = 251658240                              {pd product} {ergonomic}
     bool SegmentedCodeCache                       = true                                      {product} {ergonomic}
   size_t SoftMaxHeapSize                          = 4257218560                             {manageable} {ergonomic}
     bool UseCompressedClassPointers               = true                           {product lp64_product} {ergonomic}
     bool UseCompressedOops                        = true                           {product lp64_product} {ergonomic}
     bool UseG1GC                                  = true                                      {product} {ergonomic}
     bool UseLargePagesIndividualAllocation        = false                                  {pd product} {ergonomic}

Logging:
Log output configuration:
 #0: stdout all=warning uptime,level,tags
 #1: stderr all=off uptime,level,tags

Environment Variables:
PATH=C:/Program Files/Git/mingw64/libexec/git-core;C:/Program Files/Git/mingw64/libexec/git-core;C:\Program Files\Git\mingw64\bin;C:\Program Files\Git\usr\bin;C:\Users\Tom05\bin;C:\Program Files (x86)\Razer Chroma SDK\bin;C:\Program Files\Razer Chroma SDK\bin;C:\Program Files (x86)\Razer\ChromaBroadcast\bin;C:\Program Files\Razer\ChromaBroadcast\bin;C:\Windows\system32;C:\Windows;C:\Windows\System32\Wbem;C:\Windows\System32\WindowsPowerShell\v1.0\;C:\Windows\System32\OpenSSH\;C:\Program Files (x86)\NVIDIA Corporation\PhysX\Common;C:\Program Files\NVIDIA Corporation\NVIDIA NvDLISR;C:\Users\Tom\AppData\Local\Microsoft\WindowsApps;C:\Windows\system32\config\systemprofile\AppData\Local\Microsoft\WindowsApps;C:\WINDOWS\system32;C:\WINDOWS;C:\WINDOWS\System32\Wbem;C:\WINDOWS\System32\WindowsPowerShell\v1.0\;C:\WINDOWS\System32\OpenSSH\;C:\Program Files\Intel\WiFi\bin\;C:\Program Files\Common Files\Intel\WirelessCommon\;D:\programmes\;C:\Program Files\Docker\Docker\resources\bin;D:\wamp64\bin\php\php8.1.26;C:\Program Files\Git\cmd;C:\ProgramData\ComposerSetup\bin;C:\Program Files (x86)\nodejs\;C:\Users\Tom05\AppData\Local\Microsoft\WindowsApps;D:\programmes\Microsoft VS Code\bin;D:\wamp64\bin\php\php8.1.26;C:\Users\Tom05\AppData\Roaming\Composer\vendor\bin;C:\Users\Tom05\AppData\Local\GitHubDesktop\bin;C:\Users\Tom05\AppData\Roaming\npm
USERNAME=Tom05
DISPLAY=:0.0
LC_ALL=en_US.UTF-8
TERM=xterm-256color
TMPDIR=C:\Users\Tom05\AppData\Local\Temp
OS=Windows_NT
PROCESSOR_IDENTIFIER=Intel64 Family 6 Model 158 Stepping 13, GenuineIntel
TMP=C:\Users\Tom05\AppData\Local\Temp
TEMP=C:\Users\Tom05\AppData\Local\Temp



Periodic native trim disabled

JNI global refs:
JNI global refs: 0, weak refs: 0

JNI global refs memory usage: 0, weak refs: 0

OOME stack traces (most recent first):
Classloader memory used:


---------------  S Y S T E M  ---------------

OS:
 Windows 10 , 64 bit Build 19041 (10.0.19041.5794)
OS uptime: 21 days 2:13 hours
Hyper-V role detected

CPU: total 12 (initial active 12) (6 cores per cpu, 2 threads per core) family 6 model 158 stepping 13 microcode 0xd2, cx8, cmov, fxsr, ht, mmx, 3dnowpref, sse, sse2, sse3, ssse3, sse4.1, sse4.2, popcnt, lzcnt, tsc, tscinvbit, avx, avx2, aes, erms, clmul, bmi1, bmi2, adx, fma, vzeroupper, clflush, clflushopt, hv
Processor Information for all 12 processors :
  Max Mhz: 2592, Current Mhz: 2592, Mhz Limit: 2592

Memory: 4k page, system-wide physical 16234M (2836M free)
TotalPageFile size 46643M (AvailPageFile size 244M)
current process WorkingSet (physical memory assigned to process): 10M, peak: 10M
current process commit charge ("private bytes"): 64M, peak: 318M

vm_info: OpenJDK 64-Bit Server VM (17.0.10+8-b1207.12) for windows-amd64 JRE (17.0.10+8-b1207.12), built on 2024-03-15 by "builduser" with MS VC++ 16.10 / 16.11 (VS2019)

END.
